<?xml version="1.0" encoding="UTF-8"?>
<testng-results ignored="0" total="9" passed="9" failed="0" skipped="0">
  <reporter-output>
  </reporter-output>
  <suite started-at="2024-02-07T12:56:03 IST" name="Default suite" finished-at="2024-02-07T12:56:20 IST" duration-ms="16204">
    <groups>
    </groups>
    <test started-at="2024-02-07T12:56:03 IST" name="Default test" finished-at="2024-02-07T12:56:20 IST" duration-ms="16204">
      <class name="sauceDemo.SauceDemoTest">
        <test-method signature="open_loginpage()[pri:1, instance:sauceDemo.SauceDemoTest@4a9419d7]" started-at="2024-02-07T12:56:04 IST" name="open_loginpage" finished-at="2024-02-07T12:56:04 IST" duration-ms="567" status="PASS">
          <reporter-output>
          </reporter-output>
        </test-method> <!-- open_loginpage -->
        <test-method signature="login_with_invalid_credentials(java.lang.String,java.lang.String)[pri:2, instance:sauceDemo.SauceDemoTest@4a9419d7]" started-at="2024-02-07T12:56:04 IST" name="login_with_invalid_credentials" data-provider="dp" finished-at="2024-02-07T12:56:06 IST" duration-ms="2243" status="PASS">
          <params>
            <param index="0">
              <value>
                <![CDATA[standard_user]]>
              </value>
            </param>
            <param index="1">
              <value>
                <![CDATA[secret]]>
              </value>
            </param>
          </params>
          <reporter-output>
          </reporter-output>
        </test-method> <!-- login_with_invalid_credentials -->
        <test-method signature="login_with_invalid_credentials(java.lang.String,java.lang.String)[pri:2, instance:sauceDemo.SauceDemoTest@4a9419d7]" started-at="2024-02-07T12:56:06 IST" name="login_with_invalid_credentials" data-provider="dp" finished-at="2024-02-07T12:56:09 IST" duration-ms="2187" status="PASS">
          <params>
            <param index="0">
              <value>
                <![CDATA[standard_user]]>
              </value>
            </param>
            <param index="1">
              <value>
                <![CDATA[secret_sauce123]]>
              </value>
            </param>
          </params>
          <reporter-output>
          </reporter-output>
        </test-method> <!-- login_with_invalid_credentials -->
        <test-method signature="login_with_invalid_credentials(java.lang.String,java.lang.String)[pri:2, instance:sauceDemo.SauceDemoTest@4a9419d7]" started-at="2024-02-07T12:56:09 IST" name="login_with_invalid_credentials" data-provider="dp" finished-at="2024-02-07T12:56:11 IST" duration-ms="2183" status="PASS">
          <params>
            <param index="0">
              <value>
                <![CDATA[problem_user]]>
              </value>
            </param>
            <param index="1">
              <value>
                <![CDATA[secret@sauce]]>
              </value>
            </param>
          </params>
          <reporter-output>
          </reporter-output>
        </test-method> <!-- login_with_invalid_credentials -->
        <test-method signature="login_with_invalid_credentials(java.lang.String,java.lang.String)[pri:2, instance:sauceDemo.SauceDemoTest@4a9419d7]" started-at="2024-02-07T12:56:11 IST" name="login_with_invalid_credentials" data-provider="dp" finished-at="2024-02-07T12:56:13 IST" duration-ms="2202" status="PASS">
          <params>
            <param index="0">
              <value>
                <![CDATA[performance_glitch_user]]>
              </value>
            </param>
            <param index="1">
              <value>
                <![CDATA[123secret_sauce]]>
              </value>
            </param>
          </params>
          <reporter-output>
          </reporter-output>
        </test-method> <!-- login_with_invalid_credentials -->
        <test-method signature="login_with_invalid_credentials(java.lang.String,java.lang.String)[pri:2, instance:sauceDemo.SauceDemoTest@4a9419d7]" started-at="2024-02-07T12:56:13 IST" name="login_with_invalid_credentials" data-provider="dp" finished-at="2024-02-07T12:56:15 IST" duration-ms="2167" status="PASS">
          <params>
            <param index="0">
              <value>
                <![CDATA[standard_user]]>
              </value>
            </param>
            <param index="1">
              <value>
                <![CDATA[secret@_sauce]]>
              </value>
            </param>
          </params>
          <reporter-output>
          </reporter-output>
        </test-method> <!-- login_with_invalid_credentials -->
        <test-method signature="login_with_invalid_credentials(java.lang.String,java.lang.String)[pri:2, instance:sauceDemo.SauceDemoTest@4a9419d7]" started-at="2024-02-07T12:56:15 IST" name="login_with_invalid_credentials" data-provider="dp" finished-at="2024-02-07T12:56:17 IST" duration-ms="2165" status="PASS">
          <params>
            <param index="0">
              <value>
                <![CDATA[visual_user]]>
              </value>
            </param>
            <param index="1">
              <value>
                <![CDATA[12345]]>
              </value>
            </param>
          </params>
          <reporter-output>
          </reporter-output>
        </test-method> <!-- login_with_invalid_credentials -->
        <test-method signature="login_with_valid_credentials()[pri:3, instance:sauceDemo.SauceDemoTest@4a9419d7]" started-at="2024-02-07T12:56:17 IST" name="login_with_valid_credentials" finished-at="2024-02-07T12:56:19 IST" duration-ms="2208" status="PASS">
          <reporter-output>
          </reporter-output>
        </test-method> <!-- login_with_valid_credentials -->
        <test-method signature="select_random_items()[pri:4, instance:sauceDemo.SauceDemoTest@4a9419d7]" started-at="2024-02-07T12:56:19 IST" name="select_random_items" finished-at="2024-02-07T12:56:20 IST" duration-ms="238" status="PASS">
          <reporter-output>
          </reporter-output>
        </test-method> <!-- select_random_items -->
      </class> <!-- sauceDemo.SauceDemoTest -->
    </test> <!-- Default test -->
  </suite> <!-- Default suite -->
</testng-results>
