<?xml version="1.0" encoding="UTF-8"?>
<!-- Generated by org.testng.reporters.JUnitXMLReporter -->
<testsuite ignored="0" hostname="Swapnils-MacBook-Air.local" failures="0" tests="9" name="Default test" time="16.204" errors="0" timestamp="2024-02-07T12:56:20 IST">
  <testcase classname="sauceDemo.SauceDemoTest" name="open_loginpage" time="0.567"/>
  <testcase classname="sauceDemo.SauceDemoTest" name="login_with_invalid_credentials" time="2.243"/>
  <testcase classname="sauceDemo.SauceDemoTest" name="login_with_invalid_credentials" time="2.187"/>
  <testcase classname="sauceDemo.SauceDemoTest" name="login_with_invalid_credentials" time="2.183"/>
  <testcase classname="sauceDemo.SauceDemoTest" name="login_with_invalid_credentials" time="2.202"/>
  <testcase classname="sauceDemo.SauceDemoTest" name="login_with_invalid_credentials" time="2.167"/>
  <testcase classname="sauceDemo.SauceDemoTest" name="login_with_invalid_credentials" time="2.165"/>
  <testcase classname="sauceDemo.SauceDemoTest" name="login_with_valid_credentials" time="2.208"/>
  <testcase classname="sauceDemo.SauceDemoTest" name="select_random_items" time="0.238"/>
</testsuite> <!-- Default test -->
